2025-12-01 17:19:08 INFO  UserEndPoints - ********** Updating User Info **********
2025-12-01 17:19:10 INFO  UserEndPoints - ********** User Info Updated Successfully **********
2025-12-01 17:19:10 INFO  UserEndPoints - ********** Creating User **********
2025-12-01 17:19:11 INFO  UserEndPoints - ********** User Created Successfully **********
2025-12-01 17:19:11 INFO  UserEndPoints - ********** Getting User Info **********
2025-12-01 17:19:12 INFO  UserEndPoints - ********** User Info Retrieved Successfully **********
2025-12-01 17:19:12 INFO  UserEndPoints - ********** Deleting User **********
2025-12-01 17:19:12 INFO  UserEndPoints - ********** User Deleted Successfully **********
2025-12-01 17:27:51 INFO  UserEndPoints - ********** Updating User Info **********
2025-12-01 17:27:53 INFO  UserEndPoints - ********** User Info Updated Successfully **********
2025-12-01 17:27:53 INFO  UserEndPoints - ********** Creating User **********
2025-12-01 17:27:54 INFO  UserEndPoints - ********** User Created Successfully **********
2025-12-01 17:27:54 INFO  UserEndPoints - ********** Getting User Info **********
2025-12-01 17:27:54 INFO  UserEndPoints - ********** User Info Retrieved Successfully **********
2025-12-01 17:27:54 INFO  UserEndPoints - ********** Deleting User **********
2025-12-01 17:27:55 INFO  UserEndPoints - ********** User Deleted Successfully **********
2025-12-01 22:50:41 INFO  UserEndPoints - ********** Updating User Info **********
2025-12-01 22:50:43 INFO  UserEndPoints - ********** User Info Updated Successfully **********
2025-12-01 22:50:43 INFO  UserEndPoints - ********** Creating User **********
2025-12-01 22:50:44 INFO  UserEndPoints - ********** User Created Successfully **********
2025-12-01 22:50:44 INFO  UserEndPoints - ********** Getting User Info **********
2025-12-01 22:50:45 INFO  UserEndPoints - ********** User Info Retrieved Successfully **********
2025-12-01 22:50:45 INFO  UserEndPoints - ********** Deleting User **********
2025-12-01 22:50:45 INFO  UserEndPoints - ********** User Deleted Successfully **********
